----------------------------------------
ActivityId: 00000000-0000-0000-0000-000000000000

Timestamp: 9/27/2021 6:27:21 AM

Message: HandlingInstanceID: 2eb93313-00f0-4710-9909-8da652716da4
An exception of type 'Telerik.Sitefinity.Modules.Pages.Web.Services.ContentLockedException' occurred and was caught.
--------------------------------------------------------------------------------------------------------------------
09/27/2021 11:57:21
Type : Telerik.Sitefinity.Modules.Pages.Web.Services.ContentLockedException, Telerik.Sitefinity, Version=14.0.7700.0, Culture=neutral, PublicKeyToken=b28c218413bdf563
Message : Deleted: 00000000-0000-0000-0000-000000000000:UpdateControlState
Source : Telerik.Sitefinity
Help link : 
StatusCode : InternalServerError
StatusDescription : Deleted: 00000000-0000-0000-0000-000000000000:UpdateControlState
IsDetailXhtml : False
Data : System.Collections.ListDictionaryInternal
TargetSite : Void ThrowExceptionIfLocked(Telerik.Sitefinity.Web.UI.ZoneEditorWebServiceArgs, System.String)
HResult : -2146233087
detailWriterInstance : Telerik.Sitefinity.Utilities.MS.ServiceModel.Web.WebProtocolException+DataContractDetailWriter
Stack Trace :    at Telerik.Sitefinity.Modules.Pages.Web.Services.ZoneEditorValidationExtensions.ThrowExceptionIfLocked(ZoneEditorWebServiceArgs state, String operationName)
   at Telerik.Sitefinity.Modules.Pages.Web.Services.ZoneEditorValidationExtensions.ValidateChange(ZoneEditorWebServiceArgs state, String operationName)
   at Telerik.Sitefinity.Modules.Pages.Web.Services.ZoneEditorOperationValidationAttribute.BeforeCall(String operationName, Object[] inputs)
   at System.ServiceModel.Dispatcher.DispatchOperationRuntime.InspectInputsCore(MessageRpc& rpc)
   at System.ServiceModel.Dispatcher.DispatchOperationRuntime.InvokeBegin(MessageRpc& rpc)
   at System.ServiceModel.Dispatcher.ImmutableDispatchRuntime.ProcessMessage5(MessageRpc& rpc)
   at System.ServiceModel.Dispatcher.ImmutableDispatchRuntime.ProcessMessage41(MessageRpc& rpc)
   at System.ServiceModel.Dispatcher.ImmutableDispatchRuntime.ProcessMessage4(MessageRpc& rpc)
   at System.ServiceModel.Dispatcher.ImmutableDispatchRuntime.ProcessMessage31(MessageRpc& rpc)
   at System.ServiceModel.Dispatcher.ImmutableDispatchRuntime.ProcessMessage3(MessageRpc& rpc)
   at System.ServiceModel.Dispatcher.ImmutableDispatchRuntime.ProcessMessage2(MessageRpc& rpc)
   at System.ServiceModel.Dispatcher.ImmutableDispatchRuntime.ProcessMessage11(MessageRpc& rpc)
   at System.ServiceModel.Dispatcher.ImmutableDispatchRuntime.ProcessMessage1(MessageRpc& rpc)
   at System.ServiceModel.Dispatcher.MessageRpc.Process(Boolean isOperationContextSet)

Additional Info:

MachineName : DESKTOP-32SJQRQ
TimeStamp : 9/27/2021 6:27:21 AM
FullName : Telerik.Sitefinity.Utilities, Version=14.0.7700.0, Culture=neutral, PublicKeyToken=b28c218413bdf563
AppDomainName : /LM/W3SVC/1/ROOT-1-132771946384871932
ThreadIdentity : yasirusajith19970331@gmail.com
WindowsIdentity : DESKTOP-32SJQRQ\Sajith
Requested URL : http://localhost:60982/Sitefinity/Services/Pages/ZoneEditorService.svc/Control/?package=Bootstrap4


Category: ErrorLog

Priority: 0

EventId: 90000

Severity: Error

Title:Enterprise Library Exception Handling

Machine: DESKTOP-32SJQRQ

App Domain: /LM/W3SVC/1/ROOT-1-132771946384871932

ProcessId: 11524

Process Name: C:\Program Files (x86)\IIS Express\IISExpress.exe

Thread Name: 

Win32 ThreadId:4128

Extended Properties: 
----------------------------------------
----------------------------------------
ActivityId: 00000000-0000-0000-0000-000000000000

Timestamp: 9/27/2021 6:27:26 AM

Message: HandlingInstanceID: 149eb6c5-d29d-443b-aa96-e8dc62725349
An exception of type 'Telerik.Sitefinity.Modules.Pages.Web.Services.ContentLockedException' occurred and was caught.
--------------------------------------------------------------------------------------------------------------------
09/27/2021 11:57:26
Type : Telerik.Sitefinity.Modules.Pages.Web.Services.ContentLockedException, Telerik.Sitefinity, Version=14.0.7700.0, Culture=neutral, PublicKeyToken=b28c218413bdf563
Message : Deleted: 00000000-0000-0000-0000-000000000000:DiscardTemplateDraft
Source : Telerik.Sitefinity
Help link : 
StatusCode : InternalServerError
StatusDescription : Deleted: 00000000-0000-0000-0000-000000000000:DiscardTemplateDraft
IsDetailXhtml : False
Data : System.Collections.ListDictionaryInternal
TargetSite : Void ThrowExceptionIfLocked(System.Guid, Telerik.Sitefinity.Modules.Pages.DesignMediaType, System.String, Boolean)
HResult : -2146233087
detailWriterInstance : Telerik.Sitefinity.Utilities.MS.ServiceModel.Web.WebProtocolException+DataContractDetailWriter
Stack Trace :    at Telerik.Sitefinity.Modules.Pages.Web.Services.ZoneEditorValidationExtensions.ThrowExceptionIfLocked(Guid pageId, DesignMediaType mediaType, String operationName, Boolean checkLive)
   at Telerik.Sitefinity.Modules.Pages.Web.Services.ZoneEditorValidationExtensions.ValidateChange(Guid pageId, DesignMediaType mediaType, String operationName, Boolean checkLive, Boolean validateChange)
   at Telerik.Sitefinity.Modules.Pages.Web.Services.ZoneEditorOperationValidationAttribute.BeforeCall(String operationName, Object[] inputs)
   at System.ServiceModel.Dispatcher.DispatchOperationRuntime.InspectInputsCore(MessageRpc& rpc)
   at System.ServiceModel.Dispatcher.DispatchOperationRuntime.InvokeBegin(MessageRpc& rpc)
   at System.ServiceModel.Dispatcher.ImmutableDispatchRuntime.ProcessMessage5(MessageRpc& rpc)
   at System.ServiceModel.Dispatcher.ImmutableDispatchRuntime.ProcessMessage41(MessageRpc& rpc)
   at System.ServiceModel.Dispatcher.ImmutableDispatchRuntime.ProcessMessage4(MessageRpc& rpc)
   at System.ServiceModel.Dispatcher.ImmutableDispatchRuntime.ProcessMessage31(MessageRpc& rpc)
   at System.ServiceModel.Dispatcher.ImmutableDispatchRuntime.ProcessMessage3(MessageRpc& rpc)
   at System.ServiceModel.Dispatcher.ImmutableDispatchRuntime.ProcessMessage2(MessageRpc& rpc)
   at System.ServiceModel.Dispatcher.ImmutableDispatchRuntime.ProcessMessage11(MessageRpc& rpc)
   at System.ServiceModel.Dispatcher.ImmutableDispatchRuntime.ProcessMessage1(MessageRpc& rpc)
   at System.ServiceModel.Dispatcher.MessageRpc.Process(Boolean isOperationContextSet)

Additional Info:

MachineName : DESKTOP-32SJQRQ
TimeStamp : 9/27/2021 6:27:26 AM
FullName : Telerik.Sitefinity.Utilities, Version=14.0.7700.0, Culture=neutral, PublicKeyToken=b28c218413bdf563
AppDomainName : /LM/W3SVC/1/ROOT-1-132771946384871932
ThreadIdentity : yasirusajith19970331@gmail.com
WindowsIdentity : DESKTOP-32SJQRQ\Sajith
Requested URL : http://localhost:60982/Sitefinity/Services/Pages/ZoneEditorService.svc/Template/9b0934b6-1685-405a-afb9-09e4660f3c9c/?package=Bootstrap4


Category: ErrorLog

Priority: 0

EventId: 90000

Severity: Error

Title:Enterprise Library Exception Handling

Machine: DESKTOP-32SJQRQ

App Domain: /LM/W3SVC/1/ROOT-1-132771946384871932

ProcessId: 11524

Process Name: C:\Program Files (x86)\IIS Express\IISExpress.exe

Thread Name: 

Win32 ThreadId:4128

Extended Properties: 
----------------------------------------
----------------------------------------
ActivityId: 00000000-0000-0000-0000-000000000000

Timestamp: 9/27/2021 6:38:08 AM

Message: HandlingInstanceID: 7d9f99a6-7831-40c0-be5c-4b800a5266a0
An exception of type 'Telerik.Sitefinity.Modules.Pages.Web.Services.ContentLockedException' occurred and was caught.
--------------------------------------------------------------------------------------------------------------------
09/27/2021 12:08:08
Type : Telerik.Sitefinity.Modules.Pages.Web.Services.ContentLockedException, Telerik.Sitefinity, Version=14.0.7700.0, Culture=neutral, PublicKeyToken=b28c218413bdf563
Message : Deleted: 00000000-0000-0000-0000-000000000000:DiscardTemplateDraft
Source : Telerik.Sitefinity
Help link : 
StatusCode : InternalServerError
StatusDescription : Deleted: 00000000-0000-0000-0000-000000000000:DiscardTemplateDraft
IsDetailXhtml : False
Data : System.Collections.ListDictionaryInternal
TargetSite : Void ThrowExceptionIfLocked(System.Guid, Telerik.Sitefinity.Modules.Pages.DesignMediaType, System.String, Boolean)
HResult : -2146233087
detailWriterInstance : Telerik.Sitefinity.Utilities.MS.ServiceModel.Web.WebProtocolException+DataContractDetailWriter
Stack Trace :    at Telerik.Sitefinity.Modules.Pages.Web.Services.ZoneEditorValidationExtensions.ThrowExceptionIfLocked(Guid pageId, DesignMediaType mediaType, String operationName, Boolean checkLive)
   at Telerik.Sitefinity.Modules.Pages.Web.Services.ZoneEditorValidationExtensions.ValidateChange(Guid pageId, DesignMediaType mediaType, String operationName, Boolean checkLive, Boolean validateChange)
   at Telerik.Sitefinity.Modules.Pages.Web.Services.ZoneEditorOperationValidationAttribute.BeforeCall(String operationName, Object[] inputs)
   at System.ServiceModel.Dispatcher.DispatchOperationRuntime.InspectInputsCore(MessageRpc& rpc)
   at System.ServiceModel.Dispatcher.DispatchOperationRuntime.InvokeBegin(MessageRpc& rpc)
   at System.ServiceModel.Dispatcher.ImmutableDispatchRuntime.ProcessMessage5(MessageRpc& rpc)
   at System.ServiceModel.Dispatcher.ImmutableDispatchRuntime.ProcessMessage41(MessageRpc& rpc)
   at System.ServiceModel.Dispatcher.ImmutableDispatchRuntime.ProcessMessage4(MessageRpc& rpc)
   at System.ServiceModel.Dispatcher.ImmutableDispatchRuntime.ProcessMessage31(MessageRpc& rpc)
   at System.ServiceModel.Dispatcher.ImmutableDispatchRuntime.ProcessMessage3(MessageRpc& rpc)
   at System.ServiceModel.Dispatcher.ImmutableDispatchRuntime.ProcessMessage2(MessageRpc& rpc)
   at System.ServiceModel.Dispatcher.ImmutableDispatchRuntime.ProcessMessage11(MessageRpc& rpc)
   at System.ServiceModel.Dispatcher.ImmutableDispatchRuntime.ProcessMessage1(MessageRpc& rpc)
   at System.ServiceModel.Dispatcher.MessageRpc.Process(Boolean isOperationContextSet)

Additional Info:

MachineName : DESKTOP-32SJQRQ
TimeStamp : 9/27/2021 6:38:08 AM
FullName : Telerik.Sitefinity.Utilities, Version=14.0.7700.0, Culture=neutral, PublicKeyToken=b28c218413bdf563
AppDomainName : /LM/W3SVC/1/ROOT-1-132771946384871932
ThreadIdentity : yasirusajith19970331@gmail.com
WindowsIdentity : DESKTOP-32SJQRQ\Sajith
Requested URL : http://localhost:60982/Sitefinity/Services/Pages/ZoneEditorService.svc/Template/2dc9d30c-62e7-49e4-b8f6-d52aad68ca12/?package=Bootstrap4


Category: ErrorLog

Priority: 0

EventId: 90000

Severity: Error

Title:Enterprise Library Exception Handling

Machine: DESKTOP-32SJQRQ

App Domain: /LM/W3SVC/1/ROOT-1-132771946384871932

ProcessId: 11524

Process Name: C:\Program Files (x86)\IIS Express\IISExpress.exe

Thread Name: 

Win32 ThreadId:6072

Extended Properties: 
----------------------------------------
----------------------------------------
ActivityId: 00000000-0000-0000-0000-000000000000

Timestamp: 9/27/2021 7:23:56 AM

Message: HandlingInstanceID: 3c814a9b-b2ee-403b-8507-73bf8e050fbb
An exception of type 'Telerik.Sitefinity.Modules.Pages.Web.Services.ContentLockedException' occurred and was caught.
--------------------------------------------------------------------------------------------------------------------
09/27/2021 12:53:56
Type : Telerik.Sitefinity.Modules.Pages.Web.Services.ContentLockedException, Telerik.Sitefinity, Version=14.0.7700.0, Culture=neutral, PublicKeyToken=b28c218413bdf563
Message : Deleted: 00000000-0000-0000-0000-000000000000:DiscardTemplateDraft
Source : Telerik.Sitefinity
Help link : 
StatusCode : InternalServerError
StatusDescription : Deleted: 00000000-0000-0000-0000-000000000000:DiscardTemplateDraft
IsDetailXhtml : False
Data : System.Collections.ListDictionaryInternal
TargetSite : Void ThrowExceptionIfLocked(System.Guid, Telerik.Sitefinity.Modules.Pages.DesignMediaType, System.String, Boolean)
HResult : -2146233087
detailWriterInstance : Telerik.Sitefinity.Utilities.MS.ServiceModel.Web.WebProtocolException+DataContractDetailWriter
Stack Trace :    at Telerik.Sitefinity.Modules.Pages.Web.Services.ZoneEditorValidationExtensions.ThrowExceptionIfLocked(Guid pageId, DesignMediaType mediaType, String operationName, Boolean checkLive)
   at Telerik.Sitefinity.Modules.Pages.Web.Services.ZoneEditorValidationExtensions.ValidateChange(Guid pageId, DesignMediaType mediaType, String operationName, Boolean checkLive, Boolean validateChange)
   at Telerik.Sitefinity.Modules.Pages.Web.Services.ZoneEditorOperationValidationAttribute.BeforeCall(String operationName, Object[] inputs)
   at System.ServiceModel.Dispatcher.DispatchOperationRuntime.InspectInputsCore(MessageRpc& rpc)
   at System.ServiceModel.Dispatcher.DispatchOperationRuntime.InvokeBegin(MessageRpc& rpc)
   at System.ServiceModel.Dispatcher.ImmutableDispatchRuntime.ProcessMessage5(MessageRpc& rpc)
   at System.ServiceModel.Dispatcher.ImmutableDispatchRuntime.ProcessMessage41(MessageRpc& rpc)
   at System.ServiceModel.Dispatcher.ImmutableDispatchRuntime.ProcessMessage4(MessageRpc& rpc)
   at System.ServiceModel.Dispatcher.ImmutableDispatchRuntime.ProcessMessage31(MessageRpc& rpc)
   at System.ServiceModel.Dispatcher.ImmutableDispatchRuntime.ProcessMessage3(MessageRpc& rpc)
   at System.ServiceModel.Dispatcher.ImmutableDispatchRuntime.ProcessMessage2(MessageRpc& rpc)
   at System.ServiceModel.Dispatcher.ImmutableDispatchRuntime.ProcessMessage11(MessageRpc& rpc)
   at System.ServiceModel.Dispatcher.ImmutableDispatchRuntime.ProcessMessage1(MessageRpc& rpc)
   at System.ServiceModel.Dispatcher.MessageRpc.Process(Boolean isOperationContextSet)

Additional Info:

MachineName : DESKTOP-32SJQRQ
TimeStamp : 9/27/2021 7:23:56 AM
FullName : Telerik.Sitefinity.Utilities, Version=14.0.7700.0, Culture=neutral, PublicKeyToken=b28c218413bdf563
AppDomainName : /LM/W3SVC/1/ROOT-1-132771946384871932
ThreadIdentity : yasirusajith19970331@gmail.com
WindowsIdentity : DESKTOP-32SJQRQ\Sajith
Requested URL : http://localhost:60982/Sitefinity/Services/Pages/ZoneEditorService.svc/Template/1858e590-7539-4b5b-b308-3bb4cd68f929/?package=Bootstrap4


Category: ErrorLog

Priority: 0

EventId: 90000

Severity: Error

Title:Enterprise Library Exception Handling

Machine: DESKTOP-32SJQRQ

App Domain: /LM/W3SVC/1/ROOT-1-132771946384871932

ProcessId: 11524

Process Name: C:\Program Files (x86)\IIS Express\IISExpress.exe

Thread Name: 

Win32 ThreadId:14536

Extended Properties: 
----------------------------------------
----------------------------------------
ActivityId: 00000000-0000-0000-0000-000000000000

Timestamp: 9/27/2021 8:24:23 AM

Message: HandlingInstanceID: d53c2fc0-1a4d-497f-806b-2239feeeb683
An exception of type 'Telerik.Sitefinity.Modules.Pages.Web.Services.ContentLockedException' occurred and was caught.
--------------------------------------------------------------------------------------------------------------------
09/27/2021 13:54:23
Type : Telerik.Sitefinity.Modules.Pages.Web.Services.ContentLockedException, Telerik.Sitefinity, Version=14.0.7700.0, Culture=neutral, PublicKeyToken=b28c218413bdf563
Message : Deleted: 00000000-0000-0000-0000-000000000000:UpdateControlState
Source : Telerik.Sitefinity
Help link : 
StatusCode : InternalServerError
StatusDescription : Deleted: 00000000-0000-0000-0000-000000000000:UpdateControlState
IsDetailXhtml : False
Data : System.Collections.ListDictionaryInternal
TargetSite : Void ThrowExceptionIfLocked(Telerik.Sitefinity.Web.UI.ZoneEditorWebServiceArgs, System.String)
HResult : -2146233087
detailWriterInstance : Telerik.Sitefinity.Utilities.MS.ServiceModel.Web.WebProtocolException+DataContractDetailWriter
Stack Trace :    at Telerik.Sitefinity.Modules.Pages.Web.Services.ZoneEditorValidationExtensions.ThrowExceptionIfLocked(ZoneEditorWebServiceArgs state, String operationName)
   at Telerik.Sitefinity.Modules.Pages.Web.Services.ZoneEditorValidationExtensions.ValidateChange(ZoneEditorWebServiceArgs state, String operationName)
   at Telerik.Sitefinity.Modules.Pages.Web.Services.ZoneEditorOperationValidationAttribute.BeforeCall(String operationName, Object[] inputs)
   at System.ServiceModel.Dispatcher.DispatchOperationRuntime.InspectInputsCore(MessageRpc& rpc)
   at System.ServiceModel.Dispatcher.DispatchOperationRuntime.InvokeBegin(MessageRpc& rpc)
   at System.ServiceModel.Dispatcher.ImmutableDispatchRuntime.ProcessMessage5(MessageRpc& rpc)
   at System.ServiceModel.Dispatcher.ImmutableDispatchRuntime.ProcessMessage41(MessageRpc& rpc)
   at System.ServiceModel.Dispatcher.ImmutableDispatchRuntime.ProcessMessage4(MessageRpc& rpc)
   at System.ServiceModel.Dispatcher.ImmutableDispatchRuntime.ProcessMessage31(MessageRpc& rpc)
   at System.ServiceModel.Dispatcher.ImmutableDispatchRuntime.ProcessMessage3(MessageRpc& rpc)
   at System.ServiceModel.Dispatcher.ImmutableDispatchRuntime.ProcessMessage2(MessageRpc& rpc)
   at System.ServiceModel.Dispatcher.ImmutableDispatchRuntime.ProcessMessage11(MessageRpc& rpc)
   at System.ServiceModel.Dispatcher.ImmutableDispatchRuntime.ProcessMessage1(MessageRpc& rpc)
   at System.ServiceModel.Dispatcher.MessageRpc.Process(Boolean isOperationContextSet)

Additional Info:

MachineName : DESKTOP-32SJQRQ
TimeStamp : 9/27/2021 8:24:23 AM
FullName : Telerik.Sitefinity.Utilities, Version=14.0.7700.0, Culture=neutral, PublicKeyToken=b28c218413bdf563
AppDomainName : /LM/W3SVC/1/ROOT-1-132771946384871932
ThreadIdentity : yasirusajith19970331@gmail.com
WindowsIdentity : DESKTOP-32SJQRQ\Sajith
Requested URL : http://localhost:60982/Sitefinity/Services/Pages/ZoneEditorService.svc/Control/?package=Bootstrap4


Category: ErrorLog

Priority: 0

EventId: 90000

Severity: Error

Title:Enterprise Library Exception Handling

Machine: DESKTOP-32SJQRQ

App Domain: /LM/W3SVC/1/ROOT-1-132771946384871932

ProcessId: 11524

Process Name: C:\Program Files (x86)\IIS Express\IISExpress.exe

Thread Name: 

Win32 ThreadId:16368

Extended Properties: 
----------------------------------------
----------------------------------------
ActivityId: 00000000-0000-0000-0000-000000000000

Timestamp: 9/27/2021 8:24:34 AM

Message: HandlingInstanceID: e7ec3e10-11d0-4a3f-a973-399fa033e915
An exception of type 'Telerik.Sitefinity.Modules.Pages.Web.Services.ContentLockedException' occurred and was caught.
--------------------------------------------------------------------------------------------------------------------
09/27/2021 13:54:34
Type : Telerik.Sitefinity.Modules.Pages.Web.Services.ContentLockedException, Telerik.Sitefinity, Version=14.0.7700.0, Culture=neutral, PublicKeyToken=b28c218413bdf563
Message : Deleted: 00000000-0000-0000-0000-000000000000:DiscardTemplateDraft
Source : Telerik.Sitefinity
Help link : 
StatusCode : InternalServerError
StatusDescription : Deleted: 00000000-0000-0000-0000-000000000000:DiscardTemplateDraft
IsDetailXhtml : False
Data : System.Collections.ListDictionaryInternal
TargetSite : Void ThrowExceptionIfLocked(System.Guid, Telerik.Sitefinity.Modules.Pages.DesignMediaType, System.String, Boolean)
HResult : -2146233087
detailWriterInstance : Telerik.Sitefinity.Utilities.MS.ServiceModel.Web.WebProtocolException+DataContractDetailWriter
Stack Trace :    at Telerik.Sitefinity.Modules.Pages.Web.Services.ZoneEditorValidationExtensions.ThrowExceptionIfLocked(Guid pageId, DesignMediaType mediaType, String operationName, Boolean checkLive)
   at Telerik.Sitefinity.Modules.Pages.Web.Services.ZoneEditorValidationExtensions.ValidateChange(Guid pageId, DesignMediaType mediaType, String operationName, Boolean checkLive, Boolean validateChange)
   at Telerik.Sitefinity.Modules.Pages.Web.Services.ZoneEditorOperationValidationAttribute.BeforeCall(String operationName, Object[] inputs)
   at System.ServiceModel.Dispatcher.DispatchOperationRuntime.InspectInputsCore(MessageRpc& rpc)
   at System.ServiceModel.Dispatcher.DispatchOperationRuntime.InvokeBegin(MessageRpc& rpc)
   at System.ServiceModel.Dispatcher.ImmutableDispatchRuntime.ProcessMessage5(MessageRpc& rpc)
   at System.ServiceModel.Dispatcher.ImmutableDispatchRuntime.ProcessMessage41(MessageRpc& rpc)
   at System.ServiceModel.Dispatcher.ImmutableDispatchRuntime.ProcessMessage4(MessageRpc& rpc)
   at System.ServiceModel.Dispatcher.ImmutableDispatchRuntime.ProcessMessage31(MessageRpc& rpc)
   at System.ServiceModel.Dispatcher.ImmutableDispatchRuntime.ProcessMessage3(MessageRpc& rpc)
   at System.ServiceModel.Dispatcher.ImmutableDispatchRuntime.ProcessMessage2(MessageRpc& rpc)
   at System.ServiceModel.Dispatcher.ImmutableDispatchRuntime.ProcessMessage11(MessageRpc& rpc)
   at System.ServiceModel.Dispatcher.ImmutableDispatchRuntime.ProcessMessage1(MessageRpc& rpc)
   at System.ServiceModel.Dispatcher.MessageRpc.Process(Boolean isOperationContextSet)

Additional Info:

MachineName : DESKTOP-32SJQRQ
TimeStamp : 9/27/2021 8:24:34 AM
FullName : Telerik.Sitefinity.Utilities, Version=14.0.7700.0, Culture=neutral, PublicKeyToken=b28c218413bdf563
AppDomainName : /LM/W3SVC/1/ROOT-1-132771946384871932
ThreadIdentity : yasirusajith19970331@gmail.com
WindowsIdentity : DESKTOP-32SJQRQ\Sajith
Requested URL : http://localhost:60982/Sitefinity/Services/Pages/ZoneEditorService.svc/Template/3dcb9bba-3726-426e-aee4-550d1b6c2e43/?package=Bootstrap4


Category: ErrorLog

Priority: 0

EventId: 90000

Severity: Error

Title:Enterprise Library Exception Handling

Machine: DESKTOP-32SJQRQ

App Domain: /LM/W3SVC/1/ROOT-1-132771946384871932

ProcessId: 11524

Process Name: C:\Program Files (x86)\IIS Express\IISExpress.exe

Thread Name: 

Win32 ThreadId:16368

Extended Properties: 
----------------------------------------
