----------------------------------------
Timestamp: 9/29/2021 6:07:49 AM

Message: Scheduler: Task executed: 'Telerik.Sitefinity.ServiceHooks.Scheduling.ServiceHooksActivitiesCleanupTask'. Start time: 9/29/2021 6:07:48 AM. End time: 9/29/2021 6:07:49 AM. Task data: ''


----------------------------------------
----------------------------------------
Timestamp: 9/29/2021 6:07:49 AM

Message: Scheduler: Task executed: 'Telerik.Sitefinity.ABTesting.Scheduling.ABTestsSyncTask'. Start time: 9/29/2021 6:07:48 AM. End time: 9/29/2021 6:07:49 AM. Task data: ''


----------------------------------------
----------------------------------------
Timestamp: 9/29/2021 6:07:51 AM

Message: Scheduler: Task executed: 'Telerik.Sitefinity.Translations.Synchronization.TranslationSyncTask'. Start time: 9/29/2021 6:07:49 AM. End time: 9/29/2021 6:07:51 AM. Task data: ''


----------------------------------------
----------------------------------------
Timestamp: 9/29/2021 6:07:52 AM

Message: Scheduler: Task executed: 'Telerik.Sitefinity.Translations.Synchronization.TranslationImportTask'. Start time: 9/29/2021 6:07:52 AM. End time: 9/29/2021 6:07:52 AM. Task data: ''


----------------------------------------
----------------------------------------
Timestamp: 9/29/2021 6:07:53 AM

Message: Scheduler: Task executed: 'Telerik.Sitefinity.Versioning.Cleaner.VersioningCleanerTask'. Start time: 9/29/2021 6:07:52 AM. End time: 9/29/2021 6:07:53 AM. Task data: ''


----------------------------------------
----------------------------------------
Timestamp: 9/29/2021 6:08:18 AM

Message: Scheduler: Task executed: 'Telerik.Sitefinity.UsageTracking.Scheduling.UsageTrackingTask'. Start time: 9/29/2021 6:07:49 AM. End time: 9/29/2021 6:08:18 AM. Task data: ''


----------------------------------------
----------------------------------------
Timestamp: 9/29/2021 6:31:09 AM

Message: Scheduler: Task executed: 'Telerik.Sitefinity.ABTesting.Scheduling.ABTestsSyncTask'. Start time: 9/29/2021 6:31:09 AM. End time: 9/29/2021 6:31:09 AM. Task data: ''


----------------------------------------
----------------------------------------
Timestamp: 9/29/2021 12:31:05 PM

Message: Scheduler: Task executed: 'Telerik.Sitefinity.ABTesting.Scheduling.ABTestsSyncTask'. Start time: 9/29/2021 12:31:05 PM. End time: 9/29/2021 12:31:05 PM. Task data: ''


----------------------------------------
